  Source.c
C:\Users\PC\Desktop\dsa3zadanie\Project1\Source.c(4,1): warning C4005: 'max': macro redefinition
C:\Program Files (x86)\Windows Kits\10\Include\10.0.18362.0\ucrt\stdlib.h(1289): message : see previous definition of 'max'
C:\Users\PC\Desktop\dsa3zadanie\Project1\Source.c(93,20): warning C4047: 'return': 'char *' differs in levels of indirection from 'char'
C:\Users\PC\Desktop\dsa3zadanie\Project1\Source.c(97,1): warning C4133: 'initializing': incompatible types - from 'PRIORITY *' to 'PRIORITY *'
C:\Users\PC\Desktop\dsa3zadanie\Project1\Source.c(221,41): warning C4047: '=': 'char' differs in levels of indirection from 'char *'
C:\Users\PC\Desktop\dsa3zadanie\Project1\Source.c(238,41): warning C4047: '=': 'char' differs in levels of indirection from 'char *'
C:\Users\PC\Desktop\dsa3zadanie\Project1\Source.c(255,41): warning C4047: '=': 'char' differs in levels of indirection from 'char *'
C:\Users\PC\Desktop\dsa3zadanie\Project1\Source.c(272,41): warning C4047: '=': 'char' differs in levels of indirection from 'char *'
C:\Users\PC\Desktop\dsa3zadanie\Project1\Source.c(306,14): warning C4098: 'search': 'void' function returning a value
C:\Users\PC\Desktop\dsa3zadanie\Project1\Source.c(315,15): warning C4098: 'search': 'void' function returning a value
C:\Users\PC\Desktop\dsa3zadanie\Project1\Source.c(338,18): warning C4098: 'search': 'void' function returning a value
C:\Users\PC\Desktop\dsa3zadanie\Project1\Source.c(346,16): warning C4098: 'search': 'void' function returning a value
C:\Users\PC\Desktop\dsa3zadanie\Project1\Source.c(296,1): warning C4047: 'initializing': 'SURADNICE **' differs in levels of indirection from 'SURADNICE *'
C:\Users\PC\Desktop\dsa3zadanie\Project1\Source.c(312,1): warning C4047: 'initializing': 'char' differs in levels of indirection from 'char *'
C:\Users\PC\Desktop\dsa3zadanie\Project1\Source.c(351,1): warning C4047: 'initializing': 'int **' differs in levels of indirection from 'int *'
C:\Users\PC\Desktop\dsa3zadanie\Project1\Source.c(623,1): warning C4244: 'initializing': conversion from 'double' to 'int', possible loss of data
C:\Users\PC\Desktop\dsa3zadanie\Project1\Source.c(648,11): warning C4477: 'printf' : format string '%c' requires an argument of type 'int', but variadic argument 1 has type 'char *'
C:\Users\PC\Desktop\dsa3zadanie\Project1\Source.c(629): warning C4715: 'zachran_princezne': not all control paths return a value
  Project1.vcxproj -> C:\Users\PC\Desktop\dsa3zadanie\Debug\Project1.exe
